<?xml version="1.0" encoding="UTF-8"?>
<!-- Generated by org.testng.reporters.JUnitReportReporter -->
<testsuite hostname="LAPTOP-4JEDV1S2" failures="0" tests="1" name="testCases.SalesForceLogin" time="9.269" errors="0" timestamp="2022-06-09T21:07:40 EDT" skipped="0">
  <testcase classname="testCases.SalesForceLogin" name="login" time="9.269"/>
  <system-out/>
</testsuite> <!-- testCases.SalesForceLogin -->
