<?xml version="1.0" encoding="UTF-8"?>
<!-- Generated by org.testng.reporters.JUnitReportReporter -->
<testsuite hostname="LAPTOP-4JEDV1S2" failures="0" tests="1" name="testCases.LoginTest" time="6.482" errors="0" timestamp="2022-06-09T19:36:42 EDT" skipped="0">
  <testcase classname="testCases.LoginTest" name="login" time="6.482"/>
  <system-out/>
</testsuite> <!-- testCases.LoginTest -->
